{
  "stats": {
    "suites": 1,
    "tests": 1,
    "passes": 1,
    "pending": 0,
    "failures": 0,
    "start": "2023-09-25T07:58:37.294Z",
    "end": "2023-09-25T07:58:40.442Z",
    "duration": 3148,
    "testsRegistered": 1,
    "passPercent": 100,
    "pendingPercent": 0,
    "other": 0,
    "hasOther": false,
    "skipped": 0,
    "hasSkipped": false
  },
  "results": [
    {
      "uuid": "a0f8afc2-5546-4c7a-b05b-6f8307e27cd5",
      "title": "",
      "fullFile": "cypress\\e2e\\strapi00.cy.js",
      "file": "cypress\\e2e\\strapi00.cy.js",
      "beforeHooks": [],
      "afterHooks": [],
      "tests": [],
      "suites": [
        {
          "uuid": "63135ea6-b2d8-47eb-adb6-d24f945d5e8c",
          "title": "My Tests",
          "fullFile": "",
          "file": "",
          "beforeHooks": [],
          "afterHooks": [],
          "tests": [
            {
              "title": "first test",
              "fullTitle": "My Tests first test",
              "timedOut": null,
              "duration": 3115,
              "state": "passed",
              "speed": "fast",
              "pass": true,
              "fail": false,
              "pending": false,
              "context": null,
              "code": "cy.contains(\"Content Manager\").click();\ncy.wait(1000);\ncy.screenshot(\"contentmanager\", {\n  capture: \"fullPage\",\n  overwrite: true\n});",
              "err": {},
              "uuid": "dadb5a10-d46b-43e9-ad57-f15e98969f6f",
              "parentUUID": "63135ea6-b2d8-47eb-adb6-d24f945d5e8c",
              "isHook": false,
              "skipped": false
            }
          ],
          "suites": [],
          "passes": [
            "dadb5a10-d46b-43e9-ad57-f15e98969f6f"
          ],
          "failures": [],
          "pending": [],
          "skipped": [],
          "duration": 3115,
          "root": false,
          "rootEmpty": false,
          "_timeout": 2000
        }
      ],
      "passes": [],
      "failures": [],
      "pending": [],
      "skipped": [],
      "duration": 0,
      "root": true,
      "rootEmpty": true,
      "_timeout": 2000
    }
  ],
  "meta": {
    "mocha": {
      "version": "7.0.1"
    },
    "mochawesome": {
      "options": {
        "quiet": false,
        "reportFilename": "mochawesome",
        "saveHtml": false,
        "saveJson": true,
        "consoleReporter": "spec",
        "useInlineDiffs": false,
        "code": true
      },
      "version": "7.1.3"
    },
    "marge": {
      "options": {
        "reportDir": "cypress/reports",
        "overwrite": false,
        "html": false,
        "json": true
      },
      "version": "6.2.0"
    }
  }
}